d:\industrialcamerav1.0\industrialcamera\debug\vc120.pdb
c:\users\administrator\desktop\industrialcamerav1.0\industrialcamerav1.0\industrialcamera\debug\industrialcamera.pch
c:\users\administrator\desktop\industrialcamerav1.0\industrialcamerav1.0\industrialcamera\debug\vc120.pdb
c:\users\administrator\desktop\industrialcamerav1.0\industrialcamerav1.0\industrialcamera\debug\vc120.idb
c:\users\administrator\desktop\industrialcamerav1.0\industrialcamerav1.0\industrialcamera\debug\stdafx.obj
c:\users\administrator\desktop\industrialcamerav1.0\industrialcamerav1.0\industrialcamera\debug\checksum.obj
c:\users\administrator\desktop\industrialcamerav1.0\industrialcamerav1.0\industrialcamera\debug\imganalysis.obj
c:\users\administrator\desktop\industrialcamerav1.0\industrialcamerav1.0\industrialcamera\debug\industrialcamera.obj
c:\users\administrator\desktop\industrialcamerav1.0\industrialcamerav1.0\industrialcamera\debug\industrialcameradlg.obj
c:\users\administrator\desktop\industrialcamerav1.0\industrialcamerav1.0\industrialcamera\debug\log.obj
c:\users\administrator\desktop\industrialcamerav1.0\industrialcamerav1.0\industrialcamera\debug\mainctrl.obj
c:\users\administrator\desktop\industrialcamerav1.0\industrialcamerav1.0\industrialcamera\debug\proc.obj
c:\users\administrator\desktop\industrialcamerav1.0\industrialcamerav1.0\industrialcamera\debug\setparam.obj
c:\users\administrator\desktop\industrialcamerav1.0\industrialcamerav1.0\industrialcamera\debug\sock.obj
c:\users\administrator\desktop\industrialcamerav1.0\industrialcamerav1.0\industrialcamera\debug\sockproc.obj
c:\users\administrator\desktop\industrialcamerav1.0\industrialcamerav1.0\industrialcamera\debug\uart.obj
c:\users\administrator\desktop\industrialcamerav1.0\industrialcamerav1.0\industrialcamera\debug\uartproc.obj
e:\work\资料\项目\工业相机\industrialcamerav1.0\industrialcamerav1.0\industrialcamera\debug\industrialcamera.pch
e:\work\资料\项目\工业相机\industrialcamerav1.0\industrialcamerav1.0\industrialcamera\debug\vc120.pdb
e:\work\资料\项目\工业相机\industrialcamerav1.0\industrialcamerav1.0\industrialcamera\debug\vc120.idb
e:\work\资料\项目\工业相机\industrialcamerav1.0\industrialcamerav1.0\industrialcamera\debug\stdafx.obj
e:\work\资料\项目\工业相机\industrialcamerav1.0\industrialcamerav1.0\industrialcamera\debug\checksum.obj
e:\work\资料\项目\工业相机\industrialcamerav1.0\industrialcamerav1.0\industrialcamera\debug\imganalysis.obj
e:\work\资料\项目\工业相机\industrialcamerav1.0\industrialcamerav1.0\industrialcamera\debug\industrialcamera.obj
e:\work\资料\项目\工业相机\industrialcamerav1.0\industrialcamerav1.0\industrialcamera\debug\industrialcameradlg.obj
e:\work\资料\项目\工业相机\industrialcamerav1.0\industrialcamerav1.0\industrialcamera\debug\log.obj
e:\work\资料\项目\工业相机\industrialcamerav1.0\industrialcamerav1.0\industrialcamera\debug\mainctrl.obj
e:\work\资料\项目\工业相机\industrialcamerav1.0\industrialcamerav1.0\industrialcamera\debug\proc.obj
e:\work\资料\项目\工业相机\industrialcamerav1.0\industrialcamerav1.0\industrialcamera\debug\setparam.obj
e:\work\资料\项目\工业相机\industrialcamerav1.0\industrialcamerav1.0\industrialcamera\debug\sock.obj
e:\work\资料\项目\工业相机\industrialcamerav1.0\industrialcamerav1.0\industrialcamera\debug\sockproc.obj
e:\work\资料\项目\工业相机\industrialcamerav1.0\industrialcamerav1.0\industrialcamera\debug\uart.obj
e:\work\资料\项目\工业相机\industrialcamerav1.0\industrialcamerav1.0\industrialcamera\debug\uartproc.obj
e:\work\资料\项目\工业相机\mfc\industrialcamerav1.0\industrialcamera\debug\industrialcamera.pch
e:\work\资料\项目\工业相机\mfc\industrialcamerav1.0\industrialcamera\debug\vc120.pdb
e:\work\资料\项目\工业相机\mfc\industrialcamerav1.0\industrialcamera\debug\vc120.idb
e:\work\资料\项目\工业相机\mfc\industrialcamerav1.0\industrialcamera\debug\stdafx.obj
e:\work\资料\项目\工业相机\mfc\industrialcamerav1.0\industrialcamera\debug\checksum.obj
e:\work\资料\项目\工业相机\mfc\industrialcamerav1.0\industrialcamera\debug\imganalysis.obj
e:\work\资料\项目\工业相机\mfc\industrialcamerav1.0\industrialcamera\debug\industrialcamera.obj
e:\work\资料\项目\工业相机\mfc\industrialcamerav1.0\industrialcamera\debug\industrialcameradlg.obj
e:\work\资料\项目\工业相机\mfc\industrialcamerav1.0\industrialcamera\debug\log.obj
e:\work\资料\项目\工业相机\mfc\industrialcamerav1.0\industrialcamera\debug\mainctrl.obj
e:\work\资料\项目\工业相机\mfc\industrialcamerav1.0\industrialcamera\debug\proc.obj
e:\work\资料\项目\工业相机\mfc\industrialcamerav1.0\industrialcamera\debug\setparam.obj
e:\work\资料\项目\工业相机\mfc\industrialcamerav1.0\industrialcamera\debug\sock.obj
e:\work\资料\项目\工业相机\mfc\industrialcamerav1.0\industrialcamera\debug\sockproc.obj
e:\work\资料\项目\工业相机\mfc\industrialcamerav1.0\industrialcamera\debug\uart.obj
e:\work\资料\项目\工业相机\mfc\industrialcamerav1.0\industrialcamera\debug\uartproc.obj
d:\industrialcamerav1.0\debug\industrialcamera.ilk
d:\industrialcamerav1.0\debug\industrialcamera.exe
d:\industrialcamerav1.0\debug\industrialcamera.pdb
c:\users\administrator\desktop\industrialcamerav1.0\industrialcamerav1.0\debug\industrialcamera.ilk
c:\users\administrator\desktop\industrialcamerav1.0\industrialcamerav1.0\debug\industrialcamera.exe
c:\users\administrator\desktop\industrialcamerav1.0\industrialcamerav1.0\debug\industrialcamera.pdb
e:\work\资料\项目\工业相机\industrialcamerav1.0\industrialcamerav1.0\debug\industrialcamera.ilk
e:\work\资料\项目\工业相机\industrialcamerav1.0\industrialcamerav1.0\debug\industrialcamera.exe
e:\work\资料\项目\工业相机\industrialcamerav1.0\industrialcamerav1.0\debug\industrialcamera.pdb
e:\work\资料\项目\工业相机\mfc\industrialcamerav1.0\debug\industrialcamera.ilk
e:\work\资料\项目\工业相机\mfc\industrialcamerav1.0\debug\industrialcamera.exe
e:\work\资料\项目\工业相机\mfc\industrialcamerav1.0\debug\industrialcamera.pdb
c:\users\administrator\desktop\industrialcamerav1.0\industrialcamerav1.0\industrialcamera\debug\industrialcamera.res
e:\work\资料\项目\工业相机\industrialcamerav1.0\industrialcamerav1.0\industrialcamera\debug\industrialcamera.res
e:\work\资料\项目\工业相机\mfc\industrialcamerav1.0\industrialcamera\debug\industrialcamera.res
e:\git\c-\c++\industrialcamerav1.0\industrialcamera\debug\checksum.obj
e:\git\c-\c++\industrialcamerav1.0\industrialcamera\debug\imganalysis.obj
e:\git\c-\c++\industrialcamerav1.0\industrialcamera\debug\industrialcamera.obj
e:\git\c-\c++\industrialcamerav1.0\industrialcamera\debug\industrialcameradlg.obj
e:\git\c-\c++\industrialcamerav1.0\industrialcamera\debug\log.obj
e:\git\c-\c++\industrialcamerav1.0\industrialcamera\debug\mainctrl.obj
e:\git\c-\c++\industrialcamerav1.0\industrialcamera\debug\proc.obj
e:\git\c-\c++\industrialcamerav1.0\industrialcamera\debug\setparam.obj
e:\git\c-\c++\industrialcamerav1.0\industrialcamera\debug\sock.obj
e:\git\c-\c++\industrialcamerav1.0\industrialcamera\debug\sockproc.obj
e:\git\c-\c++\industrialcamerav1.0\industrialcamera\debug\stdafx.obj
e:\git\c-\c++\industrialcamerav1.0\industrialcamera\debug\uart.obj
e:\git\c-\c++\industrialcamerav1.0\industrialcamera\debug\uartproc.obj
e:\git\c-\c++\industrialcamerav1.0\industrialcamera\debug\industrialcamera.res
e:\git\c-\c++\industrialcamerav1.0\industrialcamera\debug\industrialcamera.pch
e:\git\c-\c++\industrialcamerav1.0\industrialcamera\debug\vc120.idb
e:\git\c-\c++\industrialcamerav1.0\industrialcamera\debug\vc120.pdb
e:\git\c-\c++\industrialcamerav1.0\debug\industrialcamera.pdb
e:\git\c-\c++\industrialcamerav1.0\debug\industrialcamera.exe
e:\git\c-\c++\industrialcamerav1.0\debug\industrialcamera.ilk
e:\git\c-\c++\industrialcamerav1.0\industrialcamera\debug\industrialcamera.tlog\cl.command.1.tlog
e:\git\c-\c++\industrialcamerav1.0\industrialcamera\debug\industrialcamera.tlog\cl.read.1.tlog
e:\git\c-\c++\industrialcamerav1.0\industrialcamera\debug\industrialcamera.tlog\cl.write.1.tlog
e:\git\c-\c++\industrialcamerav1.0\industrialcamera\debug\industrialcamera.tlog\link.command.1.tlog
e:\git\c-\c++\industrialcamerav1.0\industrialcamera\debug\industrialcamera.tlog\link.read.1.tlog
e:\git\c-\c++\industrialcamerav1.0\industrialcamera\debug\industrialcamera.tlog\link.write.1.tlog
e:\git\c-\c++\industrialcamerav1.0\industrialcamera\debug\industrialcamera.tlog\rc.command.1.tlog
e:\git\c-\c++\industrialcamerav1.0\industrialcamera\debug\industrialcamera.tlog\rc.read.1.tlog
e:\git\c-\c++\industrialcamerav1.0\industrialcamera\debug\industrialcamera.tlog\rc.write.1.tlog
